<?xml version="1.0" encoding="UTF-8"?>
<testng-results ignored="0" total="2" passed="2" failed="0" skipped="0">
  <reporter-output>
  </reporter-output>
  <suite started-at="2021-09-25T13:57:23 IST" name="Suite" finished-at="2021-09-25T13:57:40 IST" duration-ms="17349">
    <groups>
    </groups>
    <test started-at="2021-09-25T13:57:23 IST" name="Test" finished-at="2021-09-25T13:57:40 IST" duration-ms="17349">
      <class name="JenkinsDemo.JenkinsDemo.AmazonTest">
        <test-method signature="amazonTest()[pri:0, instance:JenkinsDemo.JenkinsDemo.AmazonTest@696da30b]" started-at="2021-09-25T13:57:23 IST" name="amazonTest" finished-at="2021-09-25T13:57:40 IST" duration-ms="17287" status="PASS">
          <reporter-output>
          </reporter-output>
        </test-method> <!-- amazonTest -->
      </class> <!-- JenkinsDemo.JenkinsDemo.AmazonTest -->
      <class name="JenkinsDemo.JenkinsDemo.GoogleTest">
        <test-method signature="googleTest()[pri:0, instance:JenkinsDemo.JenkinsDemo.GoogleTest@49912c99]" started-at="2021-09-25T13:57:23 IST" name="googleTest" finished-at="2021-09-25T13:57:38 IST" duration-ms="15243" status="PASS">
          <reporter-output>
          </reporter-output>
        </test-method> <!-- googleTest -->
      </class> <!-- JenkinsDemo.JenkinsDemo.GoogleTest -->
    </test> <!-- Test -->
  </suite> <!-- Suite -->
</testng-results>
